Omar's Disk Performance Report - Wed Sep 24 08:00:18 PM EDT 2025:
Disk Report - Thu Sep 25 12:26:10 PM EDT 2025
Filesystem      Size  Used Avail Use% Mounted on
tmpfs           336M  2.1M  334M   1% /run
/dev/sda2        20G   11G  8.2G  56% /
tmpfs           1.7G     0  1.7G   0% /dev/shm
tmpfs           339M  1.8M  338M   1% /run
/dev/nvme0n1p2   19G   11G  7.2G  60% /
tmpfs           1.7G  4.0K  1.7G   1% /dev/shm
efivarfs        256K   32K  225K  13% /sys/firmware/efi/efivars
tmpfs           5.0M  8.0K  5.0M   1% /run/lock
tmpfs           1.7G   20K  1.7G   1% /tmp
tmpfs           1.0M     0  1.0M   0% /run/credentials/systemd-resolved.service
tmpfs           336M  112K  336M   1% /run/user/1000
/dev/sr0        100M  100M     0 100% /media/oaw6/CDROM
/dev/sr1        5.9G  5.9G     0 100% /media/oaw6/Ubuntu 25.04 amd64
tmpfs           1.0M     0  1.0M   0% /run/credentials/systemd-journald.service
-------------------------------------eol
Omar's Disk Performance Report - Wed Sep 24 08:01:58 PM EDT 2025:
Filesystem      Size  Used Avail Use% Mounted on
tmpfs           336M  2.1M  334M   1% /run
/dev/sda2        20G   11G  8.2G  56% /
tmpfs           1.7G     0  1.7G   0% /dev/shm
tmpfs           5.0M  8.0K  5.0M   1% /run/lock
tmpfs           1.7G   20K  1.7G   1% /tmp
tmpfs           1.0M     0  1.0M   0% /run/credentials/systemd-resolved.service
tmpfs           336M  112K  336M   1% /run/user/1000
/dev/sr0        100M  100M     0 100% /media/oaw6/CDROM
/dev/sr1        5.9G  5.9G     0 100% /media/oaw6/Ubuntu 25.04 amd64
tmpfs           1.0M     0  1.0M   0% /run/credentials/systemd-journald.service
---------------------------------Wed Sep 24 08:01:58 PM EDT 2025
Omar's Disk Performance Report - Wed Sep 24 08:02:27 PM EDT 2025:
Filesystem      Size  Used Avail Use% Mounted on
tmpfs           336M  2.1M  334M   1% /run
/dev/sda2        20G   11G  8.2G  56% /
tmpfs           1.7G     0  1.7G   0% /dev/shm
tmpfs           5.0M  8.0K  5.0M   1% /run/lock
tmpfs           1.7G   20K  1.7G   1% /tmp
tmpfs           1.0M     0  1.0M   0% /run/credentials/systemd-resolved.service
tmpfs           336M  112K  336M   1% /run/user/1000
/dev/sr0        100M  100M     0 100% /media/oaw6/CDROM
/dev/sr1        5.9G  5.9G     0 100% /media/oaw6/Ubuntu 25.04 amd64
tmpfs           1.0M     0  1.0M   0% /run/credentials/systemd-journald.service
---------------------------------Wed Sep 24 08:02:27 PM EDT 2025
/dev/nvme0n1p1  952M  6.4M  945M   1% /boot/efi
tmpfs           1.7G   24K  1.7G   1% /tmp
tmpfs           339M  4.1M  335M   2% /run/user/1000
/dev/sr0        3.6G  3.6G     0 100% /media/daniel-nizami/Ubuntu 25.04 arm64
#Hello I am editing this fileDisk Report - Thu Sep 25 12:26:10 PM EDT 2025
Filesystem      Size  Used Avail Use% Mounted on
tmpfs           339M  1.8M  338M   1% /run
/dev/nvme0n1p2   19G   11G  7.2G  60% /
tmpfs           1.7G  4.0K  1.7G   1% /dev/shm
efivarfs        256K   32K  225K  13% /sys/firmware/efi/efivars
tmpfs           5.0M  8.0K  5.0M   1% /run/lock
tmpfs           1.0M     0  1.0M   0% /run/credentials/systemd-journald.service
tmpfs           1.0M     0  1.0M   0% /run/credentials/systemd-resolved.service
/dev/nvme0n1p1  952M  6.4M  945M   1% /boot/efi
tmpfs           1.7G   24K  1.7G   1% /tmp
tmpfs           339M  4.1M  335M   2% /run/user/1000
/dev/sr0        3.6G  3.6G     0 100% /media/daniel-nizami/Ubuntu 25.04 arm64
#Hello I am editing this file
